  SelfEncrypter.cpp
C:\Users\Change me\OneDrive\Documents\Milligan\Classes\Sophmore Year\Programming\SelfEncrypter\SelfEncrypter\SelfEncrypter.cpp(11,61): warning C4838: conversion from 'int' to 'char' requires a narrowing conversion
C:\Users\Change me\OneDrive\Documents\Milligan\Classes\Sophmore Year\Programming\SelfEncrypter\SelfEncrypter\SelfEncrypter.cpp(11,61): warning C4305: 'initializing': truncation from 'int' to 'char'
C:\Users\Change me\OneDrive\Documents\Milligan\Classes\Sophmore Year\Programming\SelfEncrypter\SelfEncrypter\SelfEncrypter.cpp(11,61): warning C4309: 'initializing': truncation of constant value
C:\Users\Change me\OneDrive\Documents\Milligan\Classes\Sophmore Year\Programming\SelfEncrypter\SelfEncrypter\SelfEncrypter.cpp(11,66): warning C4838: conversion from 'int' to 'char' requires a narrowing conversion
C:\Users\Change me\OneDrive\Documents\Milligan\Classes\Sophmore Year\Programming\SelfEncrypter\SelfEncrypter\SelfEncrypter.cpp(11,66): warning C4305: 'initializing': truncation from 'int' to 'char'
C:\Users\Change me\OneDrive\Documents\Milligan\Classes\Sophmore Year\Programming\SelfEncrypter\SelfEncrypter\SelfEncrypter.cpp(11,66): warning C4309: 'initializing': truncation of constant value
C:\Users\Change me\OneDrive\Documents\Milligan\Classes\Sophmore Year\Programming\SelfEncrypter\SelfEncrypter\SelfEncrypter.cpp(11,71): warning C4838: conversion from 'int' to 'char' requires a narrowing conversion
C:\Users\Change me\OneDrive\Documents\Milligan\Classes\Sophmore Year\Programming\SelfEncrypter\SelfEncrypter\SelfEncrypter.cpp(11,71): warning C4305: 'initializing': truncation from 'int' to 'char'
C:\Users\Change me\OneDrive\Documents\Milligan\Classes\Sophmore Year\Programming\SelfEncrypter\SelfEncrypter\SelfEncrypter.cpp(11,71): warning C4309: 'initializing': truncation of constant value
C:\Users\Change me\OneDrive\Documents\Milligan\Classes\Sophmore Year\Programming\SelfEncrypter\SelfEncrypter\SelfEncrypter.cpp(11,76): warning C4838: conversion from 'int' to 'char' requires a narrowing conversion
C:\Users\Change me\OneDrive\Documents\Milligan\Classes\Sophmore Year\Programming\SelfEncrypter\SelfEncrypter\SelfEncrypter.cpp(11,76): warning C4305: 'initializing': truncation from 'int' to 'char'
C:\Users\Change me\OneDrive\Documents\Milligan\Classes\Sophmore Year\Programming\SelfEncrypter\SelfEncrypter\SelfEncrypter.cpp(11,76): warning C4309: 'initializing': truncation of constant value
C:\Users\Change me\OneDrive\Documents\Milligan\Classes\Sophmore Year\Programming\SelfEncrypter\SelfEncrypter\SelfEncrypter.cpp(11,81): warning C4838: conversion from 'int' to 'char' requires a narrowing conversion
C:\Users\Change me\OneDrive\Documents\Milligan\Classes\Sophmore Year\Programming\SelfEncrypter\SelfEncrypter\SelfEncrypter.cpp(11,81): warning C4305: 'initializing': truncation from 'int' to 'char'
C:\Users\Change me\OneDrive\Documents\Milligan\Classes\Sophmore Year\Programming\SelfEncrypter\SelfEncrypter\SelfEncrypter.cpp(11,81): warning C4309: 'initializing': truncation of constant value
C:\Users\Change me\OneDrive\Documents\Milligan\Classes\Sophmore Year\Programming\SelfEncrypter\SelfEncrypter\SelfEncrypter.cpp(11,86): warning C4838: conversion from 'int' to 'char' requires a narrowing conversion
C:\Users\Change me\OneDrive\Documents\Milligan\Classes\Sophmore Year\Programming\SelfEncrypter\SelfEncrypter\SelfEncrypter.cpp(11,86): warning C4305: 'initializing': truncation from 'int' to 'char'
C:\Users\Change me\OneDrive\Documents\Milligan\Classes\Sophmore Year\Programming\SelfEncrypter\SelfEncrypter\SelfEncrypter.cpp(11,86): warning C4309: 'initializing': truncation of constant value
C:\Users\Change me\OneDrive\Documents\Milligan\Classes\Sophmore Year\Programming\SelfEncrypter\SelfEncrypter\SelfEncrypter.cpp(11,91): warning C4838: conversion from 'int' to 'char' requires a narrowing conversion
C:\Users\Change me\OneDrive\Documents\Milligan\Classes\Sophmore Year\Programming\SelfEncrypter\SelfEncrypter\SelfEncrypter.cpp(11,91): warning C4305: 'initializing': truncation from 'int' to 'char'
C:\Users\Change me\OneDrive\Documents\Milligan\Classes\Sophmore Year\Programming\SelfEncrypter\SelfEncrypter\SelfEncrypter.cpp(11,91): warning C4309: 'initializing': truncation of constant value
C:\Users\Change me\OneDrive\Documents\Milligan\Classes\Sophmore Year\Programming\SelfEncrypter\SelfEncrypter\SelfEncrypter.cpp(11,96): warning C4838: conversion from 'int' to 'char' requires a narrowing conversion
C:\Users\Change me\OneDrive\Documents\Milligan\Classes\Sophmore Year\Programming\SelfEncrypter\SelfEncrypter\SelfEncrypter.cpp(11,96): warning C4305: 'initializing': truncation from 'int' to 'char'
C:\Users\Change me\OneDrive\Documents\Milligan\Classes\Sophmore Year\Programming\SelfEncrypter\SelfEncrypter\SelfEncrypter.cpp(11,96): warning C4309: 'initializing': truncation of constant value
C:\Users\Change me\OneDrive\Documents\Milligan\Classes\Sophmore Year\Programming\SelfEncrypter\SelfEncrypter\SelfEncrypter.cpp(11,101): warning C4838: conversion from 'int' to 'char' requires a narrowing conversion
C:\Users\Change me\OneDrive\Documents\Milligan\Classes\Sophmore Year\Programming\SelfEncrypter\SelfEncrypter\SelfEncrypter.cpp(11,101): warning C4305: 'initializing': truncation from 'int' to 'char'
C:\Users\Change me\OneDrive\Documents\Milligan\Classes\Sophmore Year\Programming\SelfEncrypter\SelfEncrypter\SelfEncrypter.cpp(11,101): warning C4309: 'initializing': truncation of constant value
C:\Users\Change me\OneDrive\Documents\Milligan\Classes\Sophmore Year\Programming\SelfEncrypter\SelfEncrypter\SelfEncrypter.cpp(11,106): warning C4838: conversion from 'int' to 'char' requires a narrowing conversion
C:\Users\Change me\OneDrive\Documents\Milligan\Classes\Sophmore Year\Programming\SelfEncrypter\SelfEncrypter\SelfEncrypter.cpp(11,106): warning C4305: 'initializing': truncation from 'int' to 'char'
C:\Users\Change me\OneDrive\Documents\Milligan\Classes\Sophmore Year\Programming\SelfEncrypter\SelfEncrypter\SelfEncrypter.cpp(11,106): warning C4309: 'initializing': truncation of constant value
C:\Users\Change me\OneDrive\Documents\Milligan\Classes\Sophmore Year\Programming\SelfEncrypter\SelfEncrypter\SelfEncrypter.cpp(11,111): warning C4838: conversion from 'int' to 'char' requires a narrowing conversion
C:\Users\Change me\OneDrive\Documents\Milligan\Classes\Sophmore Year\Programming\SelfEncrypter\SelfEncrypter\SelfEncrypter.cpp(11,111): warning C4305: 'initializing': truncation from 'int' to 'char'
C:\Users\Change me\OneDrive\Documents\Milligan\Classes\Sophmore Year\Programming\SelfEncrypter\SelfEncrypter\SelfEncrypter.cpp(11,111): warning C4309: 'initializing': truncation of constant value
C:\Users\Change me\OneDrive\Documents\Milligan\Classes\Sophmore Year\Programming\SelfEncrypter\SelfEncrypter\SelfEncrypter.cpp(11,116): warning C4838: conversion from 'int' to 'char' requires a narrowing conversion
C:\Users\Change me\OneDrive\Documents\Milligan\Classes\Sophmore Year\Programming\SelfEncrypter\SelfEncrypter\SelfEncrypter.cpp(11,116): warning C4305: 'initializing': truncation from 'int' to 'char'
C:\Users\Change me\OneDrive\Documents\Milligan\Classes\Sophmore Year\Programming\SelfEncrypter\SelfEncrypter\SelfEncrypter.cpp(11,116): warning C4309: 'initializing': truncation of constant value
C:\Users\Change me\OneDrive\Documents\Milligan\Classes\Sophmore Year\Programming\SelfEncrypter\SelfEncrypter\SelfEncrypter.cpp(11,121): warning C4838: conversion from 'int' to 'char' requires a narrowing conversion
C:\Users\Change me\OneDrive\Documents\Milligan\Classes\Sophmore Year\Programming\SelfEncrypter\SelfEncrypter\SelfEncrypter.cpp(11,121): warning C4305: 'initializing': truncation from 'int' to 'char'
C:\Users\Change me\OneDrive\Documents\Milligan\Classes\Sophmore Year\Programming\SelfEncrypter\SelfEncrypter\SelfEncrypter.cpp(11,121): warning C4309: 'initializing': truncation of constant value
C:\Users\Change me\OneDrive\Documents\Milligan\Classes\Sophmore Year\Programming\SelfEncrypter\SelfEncrypter\SelfEncrypter.cpp(11,126): warning C4838: conversion from 'int' to 'char' requires a narrowing conversion
C:\Users\Change me\OneDrive\Documents\Milligan\Classes\Sophmore Year\Programming\SelfEncrypter\SelfEncrypter\SelfEncrypter.cpp(11,126): warning C4305: 'initializing': truncation from 'int' to 'char'
C:\Users\Change me\OneDrive\Documents\Milligan\Classes\Sophmore Year\Programming\SelfEncrypter\SelfEncrypter\SelfEncrypter.cpp(11,126): warning C4309: 'initializing': truncation of constant value
C:\Users\Change me\OneDrive\Documents\Milligan\Classes\Sophmore Year\Programming\SelfEncrypter\SelfEncrypter\SelfEncrypter.cpp(11,131): warning C4838: conversion from 'int' to 'char' requires a narrowing conversion
C:\Users\Change me\OneDrive\Documents\Milligan\Classes\Sophmore Year\Programming\SelfEncrypter\SelfEncrypter\SelfEncrypter.cpp(11,131): warning C4305: 'initializing': truncation from 'int' to 'char'
C:\Users\Change me\OneDrive\Documents\Milligan\Classes\Sophmore Year\Programming\SelfEncrypter\SelfEncrypter\SelfEncrypter.cpp(11,131): warning C4309: 'initializing': truncation of constant value
C:\Users\Change me\OneDrive\Documents\Milligan\Classes\Sophmore Year\Programming\SelfEncrypter\SelfEncrypter\SelfEncrypter.cpp(11,136): warning C4838: conversion from 'int' to 'char' requires a narrowing conversion
C:\Users\Change me\OneDrive\Documents\Milligan\Classes\Sophmore Year\Programming\SelfEncrypter\SelfEncrypter\SelfEncrypter.cpp(11,136): warning C4305: 'initializing': truncation from 'int' to 'char'
C:\Users\Change me\OneDrive\Documents\Milligan\Classes\Sophmore Year\Programming\SelfEncrypter\SelfEncrypter\SelfEncrypter.cpp(11,136): warning C4309: 'initializing': truncation of constant value
C:\Users\Change me\OneDrive\Documents\Milligan\Classes\Sophmore Year\Programming\SelfEncrypter\SelfEncrypter\SelfEncrypter.cpp(11,141): warning C4838: conversion from 'int' to 'char' requires a narrowing conversion
C:\Users\Change me\OneDrive\Documents\Milligan\Classes\Sophmore Year\Programming\SelfEncrypter\SelfEncrypter\SelfEncrypter.cpp(11,141): warning C4305: 'initializing': truncation from 'int' to 'char'
C:\Users\Change me\OneDrive\Documents\Milligan\Classes\Sophmore Year\Programming\SelfEncrypter\SelfEncrypter\SelfEncrypter.cpp(11,141): warning C4309: 'initializing': truncation of constant value
C:\Users\Change me\OneDrive\Documents\Milligan\Classes\Sophmore Year\Programming\SelfEncrypter\SelfEncrypter\SelfEncrypter.cpp(13,62): warning C4838: conversion from 'int' to 'char' requires a narrowing conversion
C:\Users\Change me\OneDrive\Documents\Milligan\Classes\Sophmore Year\Programming\SelfEncrypter\SelfEncrypter\SelfEncrypter.cpp(13,62): warning C4305: 'initializing': truncation from 'int' to 'char'
C:\Users\Change me\OneDrive\Documents\Milligan\Classes\Sophmore Year\Programming\SelfEncrypter\SelfEncrypter\SelfEncrypter.cpp(13,62): warning C4309: 'initializing': truncation of constant value
C:\Users\Change me\OneDrive\Documents\Milligan\Classes\Sophmore Year\Programming\SelfEncrypter\SelfEncrypter\SelfEncrypter.cpp(13,67): warning C4838: conversion from 'int' to 'char' requires a narrowing conversion
C:\Users\Change me\OneDrive\Documents\Milligan\Classes\Sophmore Year\Programming\SelfEncrypter\SelfEncrypter\SelfEncrypter.cpp(13,67): warning C4305: 'initializing': truncation from 'int' to 'char'
C:\Users\Change me\OneDrive\Documents\Milligan\Classes\Sophmore Year\Programming\SelfEncrypter\SelfEncrypter\SelfEncrypter.cpp(13,67): warning C4309: 'initializing': truncation of constant value
C:\Users\Change me\OneDrive\Documents\Milligan\Classes\Sophmore Year\Programming\SelfEncrypter\SelfEncrypter\SelfEncrypter.cpp(13,72): warning C4838: conversion from 'int' to 'char' requires a narrowing conversion
C:\Users\Change me\OneDrive\Documents\Milligan\Classes\Sophmore Year\Programming\SelfEncrypter\SelfEncrypter\SelfEncrypter.cpp(13,72): warning C4305: 'initializing': truncation from 'int' to 'char'
C:\Users\Change me\OneDrive\Documents\Milligan\Classes\Sophmore Year\Programming\SelfEncrypter\SelfEncrypter\SelfEncrypter.cpp(13,72): warning C4309: 'initializing': truncation of constant value
C:\Users\Change me\OneDrive\Documents\Milligan\Classes\Sophmore Year\Programming\SelfEncrypter\SelfEncrypter\SelfEncrypter.cpp(13,77): warning C4838: conversion from 'int' to 'char' requires a narrowing conversion
C:\Users\Change me\OneDrive\Documents\Milligan\Classes\Sophmore Year\Programming\SelfEncrypter\SelfEncrypter\SelfEncrypter.cpp(13,77): warning C4305: 'initializing': truncation from 'int' to 'char'
C:\Users\Change me\OneDrive\Documents\Milligan\Classes\Sophmore Year\Programming\SelfEncrypter\SelfEncrypter\SelfEncrypter.cpp(13,77): warning C4309: 'initializing': truncation of constant value
C:\Users\Change me\OneDrive\Documents\Milligan\Classes\Sophmore Year\Programming\SelfEncrypter\SelfEncrypter\SelfEncrypter.cpp(13,82): warning C4838: conversion from 'int' to 'char' requires a narrowing conversion
C:\Users\Change me\OneDrive\Documents\Milligan\Classes\Sophmore Year\Programming\SelfEncrypter\SelfEncrypter\SelfEncrypter.cpp(13,82): warning C4305: 'initializing': truncation from 'int' to 'char'
C:\Users\Change me\OneDrive\Documents\Milligan\Classes\Sophmore Year\Programming\SelfEncrypter\SelfEncrypter\SelfEncrypter.cpp(13,82): warning C4309: 'initializing': truncation of constant value
C:\Users\Change me\OneDrive\Documents\Milligan\Classes\Sophmore Year\Programming\SelfEncrypter\SelfEncrypter\SelfEncrypter.cpp(13,87): warning C4838: conversion from 'int' to 'char' requires a narrowing conversion
C:\Users\Change me\OneDrive\Documents\Milligan\Classes\Sophmore Year\Programming\SelfEncrypter\SelfEncrypter\SelfEncrypter.cpp(13,87): warning C4305: 'initializing': truncation from 'int' to 'char'
C:\Users\Change me\OneDrive\Documents\Milligan\Classes\Sophmore Year\Programming\SelfEncrypter\SelfEncrypter\SelfEncrypter.cpp(13,87): warning C4309: 'initializing': truncation of constant value
C:\Users\Change me\OneDrive\Documents\Milligan\Classes\Sophmore Year\Programming\SelfEncrypter\SelfEncrypter\SelfEncrypter.cpp(13,92): warning C4838: conversion from 'int' to 'char' requires a narrowing conversion
C:\Users\Change me\OneDrive\Documents\Milligan\Classes\Sophmore Year\Programming\SelfEncrypter\SelfEncrypter\SelfEncrypter.cpp(13,92): warning C4305: 'initializing': truncation from 'int' to 'char'
C:\Users\Change me\OneDrive\Documents\Milligan\Classes\Sophmore Year\Programming\SelfEncrypter\SelfEncrypter\SelfEncrypter.cpp(13,92): warning C4309: 'initializing': truncation of constant value
C:\Users\Change me\OneDrive\Documents\Milligan\Classes\Sophmore Year\Programming\SelfEncrypter\SelfEncrypter\SelfEncrypter.cpp(13,97): warning C4838: conversion from 'int' to 'char' requires a narrowing conversion
C:\Users\Change me\OneDrive\Documents\Milligan\Classes\Sophmore Year\Programming\SelfEncrypter\SelfEncrypter\SelfEncrypter.cpp(13,97): warning C4305: 'initializing': truncation from 'int' to 'char'
C:\Users\Change me\OneDrive\Documents\Milligan\Classes\Sophmore Year\Programming\SelfEncrypter\SelfEncrypter\SelfEncrypter.cpp(13,97): warning C4309: 'initializing': truncation of constant value
C:\Users\Change me\OneDrive\Documents\Milligan\Classes\Sophmore Year\Programming\SelfEncrypter\SelfEncrypter\SelfEncrypter.cpp(13,102): warning C4838: conversion from 'int' to 'char' requires a narrowing conversion
C:\Users\Change me\OneDrive\Documents\Milligan\Classes\Sophmore Year\Programming\SelfEncrypter\SelfEncrypter\SelfEncrypter.cpp(13,102): warning C4305: 'initializing': truncation from 'int' to 'char'
C:\Users\Change me\OneDrive\Documents\Milligan\Classes\Sophmore Year\Programming\SelfEncrypter\SelfEncrypter\SelfEncrypter.cpp(13,102): warning C4309: 'initializing': truncation of constant value
C:\Users\Change me\OneDrive\Documents\Milligan\Classes\Sophmore Year\Programming\SelfEncrypter\SelfEncrypter\SelfEncrypter.cpp(13,107): warning C4838: conversion from 'int' to 'char' requires a narrowing conversion
C:\Users\Change me\OneDrive\Documents\Milligan\Classes\Sophmore Year\Programming\SelfEncrypter\SelfEncrypter\SelfEncrypter.cpp(13,107): warning C4305: 'initializing': truncation from 'int' to 'char'
C:\Users\Change me\OneDrive\Documents\Milligan\Classes\Sophmore Year\Programming\SelfEncrypter\SelfEncrypter\SelfEncrypter.cpp(13,107): warning C4309: 'initializing': truncation of constant value
C:\Users\Change me\OneDrive\Documents\Milligan\Classes\Sophmore Year\Programming\SelfEncrypter\SelfEncrypter\SelfEncrypter.cpp(13,112): warning C4838: conversion from 'int' to 'char' requires a narrowing conversion
C:\Users\Change me\OneDrive\Documents\Milligan\Classes\Sophmore Year\Programming\SelfEncrypter\SelfEncrypter\SelfEncrypter.cpp(13,112): warning C4305: 'initializing': truncation from 'int' to 'char'
C:\Users\Change me\OneDrive\Documents\Milligan\Classes\Sophmore Year\Programming\SelfEncrypter\SelfEncrypter\SelfEncrypter.cpp(13,112): warning C4309: 'initializing': truncation of constant value
C:\Users\Change me\OneDrive\Documents\Milligan\Classes\Sophmore Year\Programming\SelfEncrypter\SelfEncrypter\SelfEncrypter.cpp(13,117): warning C4838: conversion from 'int' to 'char' requires a narrowing conversion
C:\Users\Change me\OneDrive\Documents\Milligan\Classes\Sophmore Year\Programming\SelfEncrypter\SelfEncrypter\SelfEncrypter.cpp(13,117): warning C4305: 'initializing': truncation from 'int' to 'char'
C:\Users\Change me\OneDrive\Documents\Milligan\Classes\Sophmore Year\Programming\SelfEncrypter\SelfEncrypter\SelfEncrypter.cpp(13,117): warning C4309: 'initializing': truncation of constant value
C:\Users\Change me\OneDrive\Documents\Milligan\Classes\Sophmore Year\Programming\SelfEncrypter\SelfEncrypter\SelfEncrypter.cpp(13,122): warning C4838: conversion from 'int' to 'char' requires a narrowing conversion
C:\Users\Change me\OneDrive\Documents\Milligan\Classes\Sophmore Year\Programming\SelfEncrypter\SelfEncrypter\SelfEncrypter.cpp(13,122): warning C4305: 'initializing': truncation from 'int' to 'char'
C:\Users\Change me\OneDrive\Documents\Milligan\Classes\Sophmore Year\Programming\SelfEncrypter\SelfEncrypter\SelfEncrypter.cpp(13,122): warning C4309: 'initializing': truncation of constant value
C:\Users\Change me\OneDrive\Documents\Milligan\Classes\Sophmore Year\Programming\SelfEncrypter\SelfEncrypter\SelfEncrypter.cpp(13,127): warning C4838: conversion from 'int' to 'char' requires a narrowing conversion
C:\Users\Change me\OneDrive\Documents\Milligan\Classes\Sophmore Year\Programming\SelfEncrypter\SelfEncrypter\SelfEncrypter.cpp(13,127): warning C4305: 'initializing': truncation from 'int' to 'char'
C:\Users\Change me\OneDrive\Documents\Milligan\Classes\Sophmore Year\Programming\SelfEncrypter\SelfEncrypter\SelfEncrypter.cpp(13,127): warning C4309: 'initializing': truncation of constant value
C:\Users\Change me\OneDrive\Documents\Milligan\Classes\Sophmore Year\Programming\SelfEncrypter\SelfEncrypter\SelfEncrypter.cpp(13,132): warning C4838: conversion from 'int' to 'char' requires a narrowing conversion
C:\Users\Change me\OneDrive\Documents\Milligan\Classes\Sophmore Year\Programming\SelfEncrypter\SelfEncrypter\SelfEncrypter.cpp(13,132): warning C4305: 'initializing': truncation from 'int' to 'char'
C:\Users\Change me\OneDrive\Documents\Milligan\Classes\Sophmore Year\Programming\SelfEncrypter\SelfEncrypter\SelfEncrypter.cpp(13,132): warning C4309: 'initializing': truncation of constant value
C:\Users\Change me\OneDrive\Documents\Milligan\Classes\Sophmore Year\Programming\SelfEncrypter\SelfEncrypter\SelfEncrypter.cpp(13,137): warning C4838: conversion from 'int' to 'char' requires a narrowing conversion
C:\Users\Change me\OneDrive\Documents\Milligan\Classes\Sophmore Year\Programming\SelfEncrypter\SelfEncrypter\SelfEncrypter.cpp(13,137): warning C4305: 'initializing': truncation from 'int' to 'char'
C:\Users\Change me\OneDrive\Documents\Milligan\Classes\Sophmore Year\Programming\SelfEncrypter\SelfEncrypter\SelfEncrypter.cpp(13,137): warning C4309: 'initializing': truncation of constant value
C:\Users\Change me\OneDrive\Documents\Milligan\Classes\Sophmore Year\Programming\SelfEncrypter\SelfEncrypter\SelfEncrypter.cpp(13,142): warning C4838: conversion from 'int' to 'char' requires a narrowing conversion
C:\Users\Change me\OneDrive\Documents\Milligan\Classes\Sophmore Year\Programming\SelfEncrypter\SelfEncrypter\SelfEncrypter.cpp(13,142): warning C4305: 'initializing': truncation from 'int' to 'char'
C:\Users\Change me\OneDrive\Documents\Milligan\Classes\Sophmore Year\Programming\SelfEncrypter\SelfEncrypter\SelfEncrypter.cpp(13,142): warning C4309: 'initializing': truncation of constant value
C:\Users\Change me\OneDrive\Documents\Milligan\Classes\Sophmore Year\Programming\SelfEncrypter\SelfEncrypter\SelfEncrypter.cpp(15,60): warning C4838: conversion from 'int' to 'char' requires a narrowing conversion
C:\Users\Change me\OneDrive\Documents\Milligan\Classes\Sophmore Year\Programming\SelfEncrypter\SelfEncrypter\SelfEncrypter.cpp(15,60): warning C4305: 'initializing': truncation from 'int' to 'char'
C:\Users\Change me\OneDrive\Documents\Milligan\Classes\Sophmore Year\Programming\SelfEncrypter\SelfEncrypter\SelfEncrypter.cpp(15,60): warning C4309: 'initializing': truncation of constant value
C:\Users\Change me\OneDrive\Documents\Milligan\Classes\Sophmore Year\Programming\SelfEncrypter\SelfEncrypter\SelfEncrypter.cpp(15,65): warning C4838: conversion from 'int' to 'char' requires a narrowing conversion
C:\Users\Change me\OneDrive\Documents\Milligan\Classes\Sophmore Year\Programming\SelfEncrypter\SelfEncrypter\SelfEncrypter.cpp(15,65): warning C4305: 'initializing': truncation from 'int' to 'char'
C:\Users\Change me\OneDrive\Documents\Milligan\Classes\Sophmore Year\Programming\SelfEncrypter\SelfEncrypter\SelfEncrypter.cpp(15,65): warning C4309: 'initializing': truncation of constant value
C:\Users\Change me\OneDrive\Documents\Milligan\Classes\Sophmore Year\Programming\SelfEncrypter\SelfEncrypter\SelfEncrypter.cpp(15,70): warning C4838: conversion from 'int' to 'char' requires a narrowing conversion
C:\Users\Change me\OneDrive\Documents\Milligan\Classes\Sophmore Year\Programming\SelfEncrypter\SelfEncrypter\SelfEncrypter.cpp(15,70): warning C4305: 'initializing': truncation from 'int' to 'char'
C:\Users\Change me\OneDrive\Documents\Milligan\Classes\Sophmore Year\Programming\SelfEncrypter\SelfEncrypter\SelfEncrypter.cpp(15,70): warning C4309: 'initializing': truncation of constant value
C:\Users\Change me\OneDrive\Documents\Milligan\Classes\Sophmore Year\Programming\SelfEncrypter\SelfEncrypter\SelfEncrypter.cpp(15,75): warning C4838: conversion from 'int' to 'char' requires a narrowing conversion
C:\Users\Change me\OneDrive\Documents\Milligan\Classes\Sophmore Year\Programming\SelfEncrypter\SelfEncrypter\SelfEncrypter.cpp(15,75): warning C4305: 'initializing': truncation from 'int' to 'char'
C:\Users\Change me\OneDrive\Documents\Milligan\Classes\Sophmore Year\Programming\SelfEncrypter\SelfEncrypter\SelfEncrypter.cpp(15,75): warning C4309: 'initializing': truncation of constant value
C:\Users\Change me\OneDrive\Documents\Milligan\Classes\Sophmore Year\Programming\SelfEncrypter\SelfEncrypter\SelfEncrypter.cpp(15,80): warning C4838: conversion from 'int' to 'char' requires a narrowing conversion
C:\Users\Change me\OneDrive\Documents\Milligan\Classes\Sophmore Year\Programming\SelfEncrypter\SelfEncrypter\SelfEncrypter.cpp(15,80): warning C4305: 'initializing': truncation from 'int' to 'char'
C:\Users\Change me\OneDrive\Documents\Milligan\Classes\Sophmore Year\Programming\SelfEncrypter\SelfEncrypter\SelfEncrypter.cpp(15,80): warning C4309: 'initializing': truncation of constant value
C:\Users\Change me\OneDrive\Documents\Milligan\Classes\Sophmore Year\Programming\SelfEncrypter\SelfEncrypter\SelfEncrypter.cpp(15,85): warning C4838: conversion from 'int' to 'char' requires a narrowing conversion
C:\Users\Change me\OneDrive\Documents\Milligan\Classes\Sophmore Year\Programming\SelfEncrypter\SelfEncrypter\SelfEncrypter.cpp(15,85): warning C4305: 'initializing': truncation from 'int' to 'char'
C:\Users\Change me\OneDrive\Documents\Milligan\Classes\Sophmore Year\Programming\SelfEncrypter\SelfEncrypter\SelfEncrypter.cpp(15,85): warning C4309: 'initializing': truncation of constant value
C:\Users\Change me\OneDrive\Documents\Milligan\Classes\Sophmore Year\Programming\SelfEncrypter\SelfEncrypter\SelfEncrypter.cpp(15,90): warning C4838: conversion from 'int' to 'char' requires a narrowing conversion
C:\Users\Change me\OneDrive\Documents\Milligan\Classes\Sophmore Year\Programming\SelfEncrypter\SelfEncrypter\SelfEncrypter.cpp(15,90): warning C4305: 'initializing': truncation from 'int' to 'char'
C:\Users\Change me\OneDrive\Documents\Milligan\Classes\Sophmore Year\Programming\SelfEncrypter\SelfEncrypter\SelfEncrypter.cpp(15,90): warning C4309: 'initializing': truncation of constant value
C:\Users\Change me\OneDrive\Documents\Milligan\Classes\Sophmore Year\Programming\SelfEncrypter\SelfEncrypter\SelfEncrypter.cpp(15,95): warning C4838: conversion from 'int' to 'char' requires a narrowing conversion
C:\Users\Change me\OneDrive\Documents\Milligan\Classes\Sophmore Year\Programming\SelfEncrypter\SelfEncrypter\SelfEncrypter.cpp(15,95): warning C4305: 'initializing': truncation from 'int' to 'char'
C:\Users\Change me\OneDrive\Documents\Milligan\Classes\Sophmore Year\Programming\SelfEncrypter\SelfEncrypter\SelfEncrypter.cpp(15,95): warning C4309: 'initializing': truncation of constant value
C:\Users\Change me\OneDrive\Documents\Milligan\Classes\Sophmore Year\Programming\SelfEncrypter\SelfEncrypter\SelfEncrypter.cpp(15,100): warning C4838: conversion from 'int' to 'char' requires a narrowing conversion
C:\Users\Change me\OneDrive\Documents\Milligan\Classes\Sophmore Year\Programming\SelfEncrypter\SelfEncrypter\SelfEncrypter.cpp(15,100): warning C4305: 'initializing': truncation from 'int' to 'char'
C:\Users\Change me\OneDrive\Documents\Milligan\Classes\Sophmore Year\Programming\SelfEncrypter\SelfEncrypter\SelfEncrypter.cpp(15,100): warning C4309: 'initializing': truncation of constant value
C:\Users\Change me\OneDrive\Documents\Milligan\Classes\Sophmore Year\Programming\SelfEncrypter\SelfEncrypter\SelfEncrypter.cpp(15,105): warning C4838: conversion from 'int' to 'char' requires a narrowing conversion
C:\Users\Change me\OneDrive\Documents\Milligan\Classes\Sophmore Year\Programming\SelfEncrypter\SelfEncrypter\SelfEncrypter.cpp(15,105): warning C4305: 'initializing': truncation from 'int' to 'char'
C:\Users\Change me\OneDrive\Documents\Milligan\Classes\Sophmore Year\Programming\SelfEncrypter\SelfEncrypter\SelfEncrypter.cpp(15,105): warning C4309: 'initializing': truncation of constant value
C:\Users\Change me\OneDrive\Documents\Milligan\Classes\Sophmore Year\Programming\SelfEncrypter\SelfEncrypter\SelfEncrypter.cpp(15,110): warning C4838: conversion from 'int' to 'char' requires a narrowing conversion
C:\Users\Change me\OneDrive\Documents\Milligan\Classes\Sophmore Year\Programming\SelfEncrypter\SelfEncrypter\SelfEncrypter.cpp(15,110): warning C4305: 'initializing': truncation from 'int' to 'char'
C:\Users\Change me\OneDrive\Documents\Milligan\Classes\Sophmore Year\Programming\SelfEncrypter\SelfEncrypter\SelfEncrypter.cpp(15,110): warning C4309: 'initializing': truncation of constant value
C:\Users\Change me\OneDrive\Documents\Milligan\Classes\Sophmore Year\Programming\SelfEncrypter\SelfEncrypter\SelfEncrypter.cpp(15,115): warning C4838: conversion from 'int' to 'char' requires a narrowing conversion
C:\Users\Change me\OneDrive\Documents\Milligan\Classes\Sophmore Year\Programming\SelfEncrypter\SelfEncrypter\SelfEncrypter.cpp(15,115): warning C4305: 'initializing': truncation from 'int' to 'char'
C:\Users\Change me\OneDrive\Documents\Milligan\Classes\Sophmore Year\Programming\SelfEncrypter\SelfEncrypter\SelfEncrypter.cpp(15,115): warning C4309: 'initializing': truncation of constant value
C:\Users\Change me\OneDrive\Documents\Milligan\Classes\Sophmore Year\Programming\SelfEncrypter\SelfEncrypter\SelfEncrypter.cpp(15,120): warning C4838: conversion from 'int' to 'char' requires a narrowing conversion
C:\Users\Change me\OneDrive\Documents\Milligan\Classes\Sophmore Year\Programming\SelfEncrypter\SelfEncrypter\SelfEncrypter.cpp(15,120): warning C4305: 'initializing': truncation from 'int' to 'char'
C:\Users\Change me\OneDrive\Documents\Milligan\Classes\Sophmore Year\Programming\SelfEncrypter\SelfEncrypter\SelfEncrypter.cpp(15,120): warning C4309: 'initializing': truncation of constant value
C:\Users\Change me\OneDrive\Documents\Milligan\Classes\Sophmore Year\Programming\SelfEncrypter\SelfEncrypter\SelfEncrypter.cpp(15,125): warning C4838: conversion from 'int' to 'char' requires a narrowing conversion
C:\Users\Change me\OneDrive\Documents\Milligan\Classes\Sophmore Year\Programming\SelfEncrypter\SelfEncrypter\SelfEncrypter.cpp(15,125): warning C4305: 'initializing': truncation from 'int' to 'char'
C:\Users\Change me\OneDrive\Documents\Milligan\Classes\Sophmore Year\Programming\SelfEncrypter\SelfEncrypter\SelfEncrypter.cpp(15,125): warning C4309: 'initializing': truncation of constant value
C:\Users\Change me\OneDrive\Documents\Milligan\Classes\Sophmore Year\Programming\SelfEncrypter\SelfEncrypter\SelfEncrypter.cpp(15,130): warning C4838: conversion from 'int' to 'char' requires a narrowing conversion
C:\Users\Change me\OneDrive\Documents\Milligan\Classes\Sophmore Year\Programming\SelfEncrypter\SelfEncrypter\SelfEncrypter.cpp(15,130): warning C4305: 'initializing': truncation from 'int' to 'char'
C:\Users\Change me\OneDrive\Documents\Milligan\Classes\Sophmore Year\Programming\SelfEncrypter\SelfEncrypter\SelfEncrypter.cpp(15,130): warning C4309: 'initializing': truncation of constant value
C:\Users\Change me\OneDrive\Documents\Milligan\Classes\Sophmore Year\Programming\SelfEncrypter\SelfEncrypter\SelfEncrypter.cpp(15,135): warning C4838: conversion from 'int' to 'char' requires a narrowing conversion
C:\Users\Change me\OneDrive\Documents\Milligan\Classes\Sophmore Year\Programming\SelfEncrypter\SelfEncrypter\SelfEncrypter.cpp(15,135): warning C4305: 'initializing': truncation from 'int' to 'char'
C:\Users\Change me\OneDrive\Documents\Milligan\Classes\Sophmore Year\Programming\SelfEncrypter\SelfEncrypter\SelfEncrypter.cpp(15,135): warning C4309: 'initializing': truncation of constant value
C:\Users\Change me\OneDrive\Documents\Milligan\Classes\Sophmore Year\Programming\SelfEncrypter\SelfEncrypter\SelfEncrypter.cpp(15,140): warning C4838: conversion from 'int' to 'char' requires a narrowing conversion
C:\Users\Change me\OneDrive\Documents\Milligan\Classes\Sophmore Year\Programming\SelfEncrypter\SelfEncrypter\SelfEncrypter.cpp(15,140): warning C4305: 'initializing': truncation from 'int' to 'char'
C:\Users\Change me\OneDrive\Documents\Milligan\Classes\Sophmore Year\Programming\SelfEncrypter\SelfEncrypter\SelfEncrypter.cpp(15,140): warning C4309: 'initializing': truncation of constant value
C:\Users\Change me\OneDrive\Documents\Milligan\Classes\Sophmore Year\Programming\SelfEncrypter\SelfEncrypter\Encryption.hpp(14,1): warning C4715: 'findIndex': not all control paths return a value
C:\Users\Change me\OneDrive\Documents\Milligan\Classes\Sophmore Year\Programming\SelfEncrypter\SelfEncrypter\Decryption.hpp(14,1): warning C4715: 'findIndex2': not all control paths return a value
  SelfEncrypter.vcxproj -> C:\Users\Change me\OneDrive\Documents\Milligan\Classes\Sophmore Year\Programming\SelfEncrypter\x64\Debug\SelfEncrypter.exe
